time=2024-05-25T19:00:19.823-05:00 level=INFO msg="starting server" addr=:4200 env=development
time=2024-05-25T19:01:05.941-05:00 level=INFO msg="starting server" addr=:4200 env=development tls=false
time=2024-05-25T19:01:21.544-05:00 level=INFO msg="starting server" addr=:4200 env=development tls=false
time=2024-05-25T19:01:40.440-05:00 level=INFO msg="Request received" ip=[::1]:58962 proto=HTTP/1.1 method=GET uri=/v1/snips/1
time=2024-05-25T19:02:05.770-05:00 level=INFO msg="Request received" ip=[::1]:58963 proto=HTTP/1.1 method=GET uri=/v1/snips
time=2024-05-25T19:02:30.454-05:00 level=INFO msg="Request received" ip=[::1]:58964 proto=HTTP/1.1 method=GET uri=/v1/snips/1
time=2024-05-25T19:03:15.305-05:00 level=INFO msg="starting server" addr=:4200 env=development tls=false
time=2024-05-25T19:03:18.836-05:00 level=INFO msg="Request received" ip=[::1]:58972 proto=HTTP/1.1 method=GET uri=/v1/snips/1
time=2024-05-25T19:05:23.591-05:00 level=INFO msg="Request received" ip=[::1]:58977 proto=HTTP/1.1 method=POST uri=/v1/healthcheck
time=2024-05-25T19:05:56.985-05:00 level=INFO msg="Request received" ip=[::1]:58979 proto=HTTP/1.1 method=POST uri=/v1/snips
time=2024-05-25T19:07:10.823-05:00 level=INFO msg="Request received" ip=[::1]:58982 proto=HTTP/1.1 method=GET uri=/v1/snips/1
time=2024-05-25T19:07:13.204-05:00 level=INFO msg="Request received" ip=[::1]:58983 proto=HTTP/1.1 method=GET uri=/v1/snips/-1
time=2024-05-25T19:07:13.204-05:00 level=ERROR msg="runtime error: invalid memory address or nil pointer dereference" method=GET uri=/v1/snips/-1 trace="goroutine 23 [running]:\nruntime/debug.Stack()\n\t/usr/local/go/src/runtime/debug/stack.go:24 +0x64\nmain.(*application).serverError(0x140001169c0, {0x104603620, 0x1400015c460}, 0x1?, {0x104601c78, 0x14000112670})\n\t/Users/pwilliams/Developments/projects/sniplate/cmd/api/errors.go:15 +0x5c\nmain.(*application).routes.(*application).gracefulRecovery.func3.1()\n\t/Users/pwilliams/Developments/projects/sniplate/cmd/api/middleware.go:65 +0xc8\npanic({0x1045b9080?, 0x10479dd60?})\n\t/usr/local/go/src/runtime/panic.go:770 +0x124\nmain.(*application).showSnipHandler(0x140001169c0, {0x104603620, 0x1400015c460}, 0x140001487e0)\n\t/Users/pwilliams/Developments/projects/sniplate/cmd/api/snips.go:21 +0xe0\nnet/http.HandlerFunc.ServeHTTP(0x14000118dd0?, {0x104603620?, 0x1400015c460?}, 0x1a?)\n\t/usr/local/go/src/net/http/server.go:2166 +0x38\nnet/http.(*ServeMux).ServeHTTP(0x14000117230?, {0x104603620, 0x1400015c460}, 0x140001487e0)\n\t/usr/local/go/src/net/http/server.go:2683 +0x1a4\nmain.(*application).routes.commonHeaders.func1({0x104603620, 0x1400015c460}, 0x140001487e0)\n\t/Users/pwilliams/Developments/projects/sniplate/cmd/api/middleware.go:28 +0x1b0\nnet/http.HandlerFunc.ServeHTTP(0x1400017c024?, {0x104603620?, 0x1400015c460?}, 0x140000609e8?)\n\t/usr/local/go/src/net/http/server.go:2166 +0x38\nmain.(*application).routes.(*application).logRequest.func2({0x104603620, 0x1400015c460}, 0x140001487e0)\n\t/Users/pwilliams/Developments/projects/sniplate/cmd/api/middleware.go:45 +0x19c\nnet/http.HandlerFunc.ServeHTTP(0x10?, {0x104603620?, 0x1400015c460?}, 0x1047aa460?)\n\t/usr/local/go/src/net/http/server.go:2166 +0x38\nmain.(*application).routes.(*application).gracefulRecovery.func3({0x104603620?, 0x1400015c460?}, 0x14000117170?)\n\t/Users/pwilliams/Developments/projects/sniplate/cmd/api/middleware.go:69 +0x84\nnet/http.HandlerFunc.ServeHTTP(0x0?, {0x104603620?, 0x1400015c460?}, 0x14000060b50?)\n\t/usr/local/go/src/net/http/server.go:2166 +0x38\nnet/http.serverHandler.ServeHTTP({0x14000117170?}, {0x104603620?, 0x1400015c460?}, 0x6?)\n\t/usr/local/go/src/net/http/server.go:3137 +0xbc\nnet/http.(*conn).serve(0x14000144480, {0x104603d00, 0x14000116cf0})\n\t/usr/local/go/src/net/http/server.go:2039 +0x508\ncreated by net/http.(*Server).Serve in goroutine 1\n\t/usr/local/go/src/net/http/server.go:3285 +0x3f0\n"
time=2024-05-25T19:07:13.205-05:00 level=ERROR msg="http: superfluous response.WriteHeader call from main.(*application).serverError (errors.go:20)"
time=2024-05-25T19:07:27.283-05:00 level=INFO msg="Request received" ip=[::1]:58984 proto=HTTP/1.1 method=GET uri=/v1/snips/abc
time=2024-05-25T19:07:27.283-05:00 level=ERROR msg="strconv.Atoi: parsing \"abc\": invalid syntax"
time=2024-05-25T19:07:27.283-05:00 level=ERROR msg="http: superfluous response.WriteHeader call from main.(*application).showSnipHandler (snips.go:22)"
time=2024-05-25T19:15:37.271-05:00 level=INFO msg="starting server" addr=:4200 env=development tls=false
time=2024-05-25T19:36:05.295-05:00 level=INFO msg="starting server" addr=:4200 env=development tls=true
time=2024-05-25T19:36:05.296-05:00 level=ERROR msg="open ./tls/cert.pem: no such file or directory"
time=2024-05-25T19:36:10.724-05:00 level=INFO msg="starting server" addr=:4200 env=development tls=false
